


ARM Macro Assembler    Page 1 


    1 00000000         ; main.s
    2 00000000         ; Runs on LM4F120/TM4C123
    3 00000000         ; Provide a brief introduction to the floating point uni
                       t
    4 00000000         ; Jonathan Valvano
    5 00000000         ; May 3, 2015
    6 00000000         
    7 00000000         ;  This example accompanies the book
    8 00000000         ;   "Embedded Systems: Introduction to ARM Cortex M Micr
                       ocontrollers"
    9 00000000         ;   ISBN: 978-1469998749, Jonathan Valvano, copyright (c
                       ) 2015
   10 00000000         
   11 00000000         ;
   12 00000000         ;Copyright 2015 by Jonathan W. Valvano, valvano@mail.ute
                       xas.edu
   13 00000000         ;   You may use, edit, run or distribute this file
   14 00000000         ;   as long as the above copyright notice remains
   15 00000000         ;THIS SOFTWARE IS PROVIDED "AS IS".  NO WARRANTIES, WHET
                       HER EXPRESS, IMPLIED
   16 00000000         ;OR STATUTORY, INCLUDING, BUT NOT LIMITED TO, IMPLIED WA
                       RRANTIES OF
   17 00000000         ;MERCHANTABILITY AND FITNESS FOR A PARTICULAR PURPOSE AP
                       PLY TO THIS SOFTWARE.
   18 00000000         ;VALVANO SHALL NOT, IN ANY CIRCUMSTANCES, BE LIABLE FOR 
                       SPECIAL, INCIDENTAL,
   19 00000000         ;OR CONSEQUENTIAL DAMAGES, FOR ANY REASON WHATSOEVER.
   20 00000000         ;For more information about my classes, my research, and
                        my books, see
   21 00000000         ;http://users.ece.utexas.edu/~valvano/
   22 00000000         
   23 00000000         ;Version 3 assembly floating point
   24 00000000         ; run with floating-point hardware active
   25 00000000                 EXPORT           Test3
   26 00000000                 EXPORT           Test4
   27 00000000                 AREA             DATA, ALIGN=2
   28 00000000 00 00 00 
              00       T       SPACE            4
   29 00000004 00 00 00 
              00       N       SPACE            4
   30 00000008                 AREA             |.text|, CODE, READONLY, ALIGN=
2
   31 00000000                 THUMB
   32 00000000         Test3
   33 00000000 F04F 0000       MOV              R0,#0
   34 00000004 4917            LDR              R1,=N       ;pointer to N
   35 00000006 4A18            LDR              R2,=T       ;pointer to T
   36 00000008 EDDF 0A18       VLDR.F32         S1,=0.009768
   37 0000000C EEB2 1A04       VLDR.F32         S2,=10
   38 00000010 6008    loop3   STR              R0,[R1]     ; N is volatile
   39 00000012 EE00 0A10       VMOV.F32         S0,R0
   40 00000016 EEB8 0A40       VCVT.F32.U32     S0,S0       ; S0 has N
   41 0000001A EE20 0A20       VMUL.F32         S0,S0,S1    ; N*0.09768
   42 0000001E EE30 0A01       VADD.F32         S0,S0,S2    ; 10+N*0.0968
   43 00000022 ED82 0A00       VSTR.F32         S0,[R2]     ; T=10+N*0.0968
   44 00000026 F100 0001       ADD              R0,R0,#1
   45 0000002A F5B0 5F80       CMP              R0,#4096
   46 0000002E D1EF            BNE              loop3
   47 00000030 4770            BX               LR



ARM Macro Assembler    Page 2 


   48 00000032         
   49 00000032         ;version 4, assembly fixed point
   50 00000032         
   51 00000032         
   52 00000032 B570    Test4   PUSH             {R4,R5,R6,LR}
   53 00000034 F04F 0000       MOV              R0,#0
   54 00000038 490A            LDR              R1,=N       ;pointer to N
   55 0000003A 4A0B            LDR              R2,=T       ;pointer to T
   56 0000003C F04F 037D       MOV              R3,#125
   57 00000040 F04F 0440       MOV              R4,#64
   58 00000044 F44F 757A       MOV              R5,#1000
   59 00000048 6008    loop4   STR              R0,[R1]     ; N is volatile
   60 0000004A FB00 F603       MUL              R6,R0,R3    ; N*125
   61 0000004E 4426            ADD              R6,R6,R4    ; N*125+64
   62 00000050 EA4F 16D6       LSR              R6,R6,#7    ; (N*125+64)/128
   63 00000054 442E            ADD              R6,R6,R5    ; 1000+(N*125+64)/1
                                                            28
   64 00000056 6016            STR              R6,[R2]     ; T = 1000+(N*125+6
                                                            4)/128
   65 00000058 F100 0001       ADD              R0,R0,#1
   66 0000005C F5B0 5F80       CMP              R0,#4096
   67 00000060 D1F2            BNE              loop4
   68 00000062 BD70            POP              {R4,R5,R6,PC}
   69 00000064         
   70 00000064                 ALIGN                        ; make sure the end
                                                             of this section is
                                                             aligned
   71 00000064                 END                          ; end of file
              00000000 
              00000000 
              3C2009F6 
Command Line: --debug --xref --cpu=Cortex-M4.fp --apcs=interwork --depend=.\flo
atvsfix.d -o.\floatvsfix.o -IE:\Keil\ARM\RV31\INC -IE:\Keil\ARM\CMSIS\Include -
IE:\Keil\ARM\Inc\Luminary --predefine="__EVAL SETA 1" --list=.\floatvsfix.lst f
loatvsfix.s



ARM Macro Assembler    Page 1 Alphabetic symbol ordering
Relocatable symbols

DATA 00000000

Symbol: DATA
   Definitions
      At line 27 in file floatvsfix.s
   Uses
      None
Comment: DATA unused
N 00000004

Symbol: N
   Definitions
      At line 29 in file floatvsfix.s
   Uses
      At line 34 in file floatvsfix.s
      At line 54 in file floatvsfix.s

T 00000000

Symbol: T
   Definitions
      At line 28 in file floatvsfix.s
   Uses
      At line 35 in file floatvsfix.s
      At line 55 in file floatvsfix.s

3 symbols



ARM Macro Assembler    Page 1 Alphabetic symbol ordering
Relocatable symbols

.text 00000000

Symbol: .text
   Definitions
      At line 30 in file floatvsfix.s
   Uses
      None
Comment: .text unused
Test3 00000000

Symbol: Test3
   Definitions
      At line 32 in file floatvsfix.s
   Uses
      At line 25 in file floatvsfix.s
Comment: Test3 used once
Test4 00000032

Symbol: Test4
   Definitions
      At line 52 in file floatvsfix.s
   Uses
      At line 26 in file floatvsfix.s
Comment: Test4 used once
loop3 00000010

Symbol: loop3
   Definitions
      At line 38 in file floatvsfix.s
   Uses
      At line 46 in file floatvsfix.s
Comment: loop3 used once
loop4 00000048

Symbol: loop4
   Definitions
      At line 59 in file floatvsfix.s
   Uses
      At line 67 in file floatvsfix.s
Comment: loop4 used once
5 symbols
342 symbols in table
